<?xml version="1.0" encoding="UTF-8"?>
<coverage generated="1736533444055" clover="3.2.0">
  <project timestamp="1736533444055" name="All files">
    <metrics statements="168" coveredstatements="104" conditionals="97" coveredconditionals="44" methods="40" coveredmethods="25" elements="305" coveredelements="173" complexity="0" loc="168" ncloc="168" packages="1" files="2" classes="2"/>
    <file name="foodblog.js" path="C:\Users\mayth\Downloads\dvops_foodblog\dvops_foodblog\public\js\foodblog.js">
      <metrics statements="103" coveredstatements="100" conditionals="53" coveredconditionals="43" methods="26" coveredmethods="24"/>
      <line num="34" count="17" type="stmt"/>
      <line num="35" count="1" type="stmt"/>
      <line num="36" count="1" type="stmt"/>
      <line num="37" count="1" type="stmt"/>
      <line num="38" count="1" type="stmt"/>
      <line num="40" count="1" type="cond" truecount="2" falsecount="0"/>
      <line num="42" count="1" type="stmt"/>
      <line num="51" count="1" type="stmt"/>
      <line num="56" count="1" type="stmt"/>
      <line num="57" count="1" type="stmt"/>
      <line num="58" count="0" type="stmt"/>
      <line num="63" count="17" type="stmt"/>
      <line num="65" count="17" type="stmt"/>
      <line num="66" count="17" type="stmt"/>
      <line num="68" count="17" type="cond" truecount="3" falsecount="1"/>
      <line num="75" count="17" type="stmt"/>
      <line num="77" count="17" type="stmt"/>
      <line num="82" count="2" type="cond" truecount="2" falsecount="0"/>
      <line num="83" count="1" type="stmt"/>
      <line num="85" count="1" type="stmt"/>
      <line num="87" count="1" type="stmt"/>
      <line num="89" count="1" type="stmt"/>
      <line num="91" count="1" type="stmt"/>
      <line num="94" count="1" type="stmt"/>
      <line num="106" count="9" type="stmt"/>
      <line num="107" count="9" type="stmt"/>
      <line num="111" count="17" type="stmt"/>
      <line num="112" count="17" type="stmt"/>
      <line num="113" count="17" type="stmt"/>
      <line num="114" count="17" type="cond" truecount="1" falsecount="1"/>
      <line num="117" count="5" type="stmt"/>
      <line num="118" count="5" type="stmt"/>
      <line num="119" count="5" type="stmt"/>
      <line num="120" count="5" type="stmt"/>
      <line num="122" count="5" type="cond" truecount="2" falsecount="0"/>
      <line num="123" count="5" type="stmt"/>
      <line num="127" count="5" type="stmt"/>
      <line num="128" count="5" type="stmt"/>
      <line num="131" count="5" type="cond" truecount="7" falsecount="0"/>
      <line num="132" count="1" type="stmt"/>
      <line num="133" count="1" type="stmt"/>
      <line num="137" count="4" type="cond" truecount="2" falsecount="0"/>
      <line num="138" count="1" type="stmt"/>
      <line num="143" count="1" type="stmt"/>
      <line num="147" count="3" type="stmt"/>
      <line num="148" count="3" type="cond" truecount="2" falsecount="0"/>
      <line num="149" count="1" type="stmt"/>
      <line num="154" count="1" type="stmt"/>
      <line num="157" count="2" type="stmt"/>
      <line num="167" count="2" type="stmt"/>
      <line num="172" count="2" type="cond" truecount="2" falsecount="0"/>
      <line num="174" count="1" type="stmt"/>
      <line num="185" count="1" type="stmt"/>
      <line num="188" count="1" type="cond" truecount="1" falsecount="1"/>
      <line num="189" count="1" type="stmt"/>
      <line num="194" count="1" type="stmt"/>
      <line num="195" count="1" type="stmt"/>
      <line num="200" count="0" type="stmt"/>
      <line num="201" count="0" type="stmt"/>
      <line num="205" count="1" type="stmt"/>
      <line num="267" count="17" type="stmt"/>
      <line num="268" count="17" type="stmt"/>
      <line num="270" count="17" type="stmt"/>
      <line num="272" count="8" type="stmt"/>
      <line num="275" count="17" type="stmt"/>
      <line num="279" count="17" type="stmt"/>
      <line num="280" count="17" type="stmt"/>
      <line num="282" count="9" type="stmt"/>
      <line num="283" count="771" type="stmt"/>
      <line num="284" count="771" type="cond" truecount="1" falsecount="1"/>
      <line num="285" count="771" type="stmt"/>
      <line num="286" count="771" type="stmt"/>
      <line num="295" count="771" type="stmt"/>
      <line num="298" count="771" type="stmt"/>
      <line num="299" count="771" type="stmt"/>
      <line num="300" count="3855" type="stmt"/>
      <line num="305" count="771" type="stmt"/>
      <line num="323" count="771" type="stmt"/>
      <line num="329" count="17" type="stmt"/>
      <line num="339" count="34" type="stmt"/>
      <line num="340" count="34" type="stmt"/>
      <line num="341" count="34" type="stmt"/>
      <line num="342" count="34" type="stmt"/>
      <line num="343" count="34" type="stmt"/>
      <line num="345" count="34" type="cond" truecount="2" falsecount="0"/>
      <line num="368" count="34" type="cond" truecount="2" falsecount="0"/>
      <line num="371" count="34" type="cond" truecount="2" falsecount="0"/>
      <line num="374" count="34" type="cond" truecount="2" falsecount="0"/>
      <line num="375" count="19" type="stmt"/>
      <line num="377" count="10" type="stmt"/>
      <line num="378" count="2" type="stmt"/>
      <line num="379" count="2" type="stmt"/>
      <line num="380" count="2" type="stmt"/>
      <line num="381" count="2" type="stmt"/>
      <line num="382" count="2" type="cond" truecount="1" falsecount="1"/>
      <line num="383" count="2" type="stmt"/>
      <line num="387" count="10" type="stmt"/>
      <line num="388" count="2" type="stmt"/>
      <line num="389" count="2" type="cond" truecount="1" falsecount="1"/>
      <line num="390" count="2" type="cond" truecount="1" falsecount="1"/>
      <line num="391" count="2" type="cond" truecount="1" falsecount="1"/>
      <line num="392" count="2" type="cond" truecount="1" falsecount="1"/>
      <line num="393" count="2" type="stmt"/>
    </file>
    <file name="updatepost.js" path="C:\Users\mayth\Downloads\dvops_foodblog\dvops_foodblog\public\js\updatepost.js">
      <metrics statements="65" coveredstatements="4" conditionals="44" coveredconditionals="1" methods="14" coveredmethods="1"/>
      <line num="2" count="9" type="stmt"/>
      <line num="3" count="9" type="stmt"/>
      <line num="4" count="9" type="cond" truecount="1" falsecount="1"/>
      <line num="5" count="0" type="stmt"/>
      <line num="7" count="0" type="cond" truecount="0" falsecount="2"/>
      <line num="8" count="0" type="stmt"/>
      <line num="10" count="0" type="cond" truecount="0" falsecount="2"/>
      <line num="11" count="0" type="cond" truecount="0" falsecount="2"/>
      <line num="12" count="0" type="stmt"/>
      <line num="14" count="0" type="stmt"/>
      <line num="16" count="9" type="stmt"/>
      <line num="23" count="0" type="stmt"/>
      <line num="26" count="0" type="stmt"/>
      <line num="27" count="0" type="stmt"/>
      <line num="28" count="0" type="stmt"/>
      <line num="29" count="0" type="stmt"/>
      <line num="30" count="0" type="stmt"/>
      <line num="33" count="0" type="cond" truecount="0" falsecount="2"/>
      <line num="41" count="0" type="stmt"/>
      <line num="42" count="0" type="stmt"/>
      <line num="46" count="0" type="cond" truecount="0" falsecount="4"/>
      <line num="47" count="0" type="stmt"/>
      <line num="48" count="0" type="stmt"/>
      <line num="52" count="0" type="stmt"/>
      <line num="53" count="0" type="cond" truecount="0" falsecount="2"/>
      <line num="54" count="0" type="stmt"/>
      <line num="57" count="0" type="stmt"/>
      <line num="61" count="0" type="stmt"/>
      <line num="62" count="0" type="cond" truecount="0" falsecount="2"/>
      <line num="63" count="0" type="stmt"/>
      <line num="66" count="0" type="stmt"/>
      <line num="68" count="0" type="cond" truecount="0" falsecount="2"/>
      <line num="69" count="0" type="stmt"/>
      <line num="72" count="0" type="stmt"/>
      <line num="76" count="0" type="cond" truecount="0" falsecount="2"/>
      <line num="77" count="0" type="stmt"/>
      <line num="78" count="0" type="stmt"/>
      <line num="82" count="0" type="stmt"/>
      <line num="83" count="0" type="stmt"/>
      <line num="93" count="0" type="stmt"/>
      <line num="98" count="0" type="stmt"/>
      <line num="100" count="0" type="cond" truecount="0" falsecount="2"/>
      <line num="101" count="0" type="stmt"/>
      <line num="102" count="0" type="stmt"/>
      <line num="104" count="0" type="stmt"/>
      <line num="107" count="0" type="stmt"/>
      <line num="112" count="0" type="stmt"/>
      <line num="117" count="0" type="stmt"/>
      <line num="118" count="0" type="cond" truecount="0" falsecount="2"/>
      <line num="119" count="0" type="stmt"/>
      <line num="122" count="0" type="stmt"/>
      <line num="124" count="0" type="cond" truecount="0" falsecount="2"/>
      <line num="125" count="0" type="stmt"/>
      <line num="126" count="0" type="stmt"/>
      <line num="127" count="0" type="cond" truecount="0" falsecount="2"/>
      <line num="128" count="0" type="stmt"/>
      <line num="131" count="0" type="stmt"/>
      <line num="134" count="0" type="stmt"/>
      <line num="140" count="0" type="stmt"/>
      <line num="141" count="0" type="stmt"/>
      <line num="143" count="0" type="cond" truecount="0" falsecount="2"/>
      <line num="144" count="0" type="stmt"/>
      <line num="145" count="0" type="stmt"/>
      <line num="147" count="0" type="stmt"/>
      <line num="151" count="0" type="stmt"/>
    </file>
  </project>
</coverage>
