{"total": {"lines":{"total":298,"covered":114,"skipped":0,"pct":38.25},"statements":{"total":309,"covered":122,"skipped":0,"pct":39.48},"functions":{"total":60,"covered":25,"skipped":0,"pct":41.66},"branches":{"total":132,"covered":44,"skipped":0,"pct":33.33},"branchesTrue":{"total":0,"covered":0,"skipped":0,"pct":100}}
,"C:\\Users\\mayth\\Downloads\\dvops_foodblog\\dvops_foodblog\\public\\js\\foodblog.js": {"lines":{"total":103,"covered":100,"skipped":0,"pct":97.08},"functions":{"total":26,"covered":24,"skipped":0,"pct":92.3},"statements":{"total":111,"covered":108,"skipped":0,"pct":97.29},"branches":{"total":53,"covered":43,"skipped":0,"pct":81.13}}
,"C:\\Users\\mayth\\Downloads\\dvops_foodblog\\dvops_foodblog\\public\\js\\updatepost.js": {"lines":{"total":65,"covered":4,"skipped":0,"pct":6.15},"functions":{"total":14,"covered":1,"skipped":0,"pct":7.14},"statements":{"total":65,"covered":4,"skipped":0,"pct":6.15},"branches":{"total":44,"covered":1,"skipped":0,"pct":2.27}}
,"C:\\Users\\mayth\\Downloads\\dvops_foodblog\\dvops_foodblog\\utils\\FoodblogUtil.js": {"lines":{"total":65,"covered":6,"skipped":0,"pct":9.23},"functions":{"total":10,"covered":0,"skipped":0,"pct":0},"statements":{"total":65,"covered":6,"skipped":0,"pct":9.23},"branches":{"total":13,"covered":0,"skipped":0,"pct":0}}
,"C:\\Users\\mayth\\Downloads\\dvops_foodblog\\dvops_foodblog\\utils\\UpdateDeleteFeedbackUtil.js": {"lines":{"total":65,"covered":4,"skipped":0,"pct":6.15},"functions":{"total":10,"covered":0,"skipped":0,"pct":0},"statements":{"total":68,"covered":4,"skipped":0,"pct":5.88},"branches":{"total":22,"covered":0,"skipped":0,"pct":0}}
}
