{"total": {"lines":{"total":168,"covered":104,"skipped":0,"pct":61.9},"statements":{"total":176,"covered":112,"skipped":0,"pct":63.63},"functions":{"total":40,"covered":25,"skipped":0,"pct":62.5},"branches":{"total":97,"covered":44,"skipped":0,"pct":45.36},"branchesTrue":{"total":0,"covered":0,"skipped":0,"pct":"Unknown"}}
,"C:\\Users\\mayth\\Downloads\\dvops_foodblog\\dvops_foodblog\\public\\js\\foodblog.js": {"lines":{"total":103,"covered":100,"skipped":0,"pct":97.08},"functions":{"total":26,"covered":24,"skipped":0,"pct":92.3},"statements":{"total":111,"covered":108,"skipped":0,"pct":97.29},"branches":{"total":53,"covered":43,"skipped":0,"pct":81.13}}
,"C:\\Users\\mayth\\Downloads\\dvops_foodblog\\dvops_foodblog\\public\\js\\updatepost.js": {"lines":{"total":65,"covered":4,"skipped":0,"pct":6.15},"functions":{"total":14,"covered":1,"skipped":0,"pct":7.14},"statements":{"total":65,"covered":4,"skipped":0,"pct":6.15},"branches":{"total":44,"covered":1,"skipped":0,"pct":2.27}}
}
