TN:
SF:public\js\foodblog.js
FN:33,startAutosave
FN:34,(anonymous_1)
FN:56,(anonymous_2)
FN:57,(anonymous_3)
FN:58,(anonymous_4)
FN:62,recoverDraft
FN:66,(anonymous_6)
FN:67,(anonymous_7)
FN:81,(anonymous_8)
FN:105,(anonymous_9)
FN:111,(anonymous_10)
FN:116,submitPost
FN:171,(anonymous_12)
FN:179,(anonymous_13)
FN:187,(anonymous_14)
FN:194,(anonymous_15)
FN:199,(anonymous_16)
FN:266,fetchFeedback
FN:268,(anonymous_18)
FN:269,(anonymous_19)
FN:272,(anonymous_20)
FN:278,displayPosts
FN:282,(anonymous_22)
FN:332,showNotification
FN:377,(anonymous_24)
FN:387,(anonymous_25)
FNF:26
FNH:24
FNDA:17,startAutosave
FNDA:1,(anonymous_1)
FNDA:1,(anonymous_2)
FNDA:1,(anonymous_3)
FNDA:0,(anonymous_4)
FNDA:17,recoverDraft
FNDA:17,(anonymous_6)
FNDA:15,(anonymous_7)
FNDA:2,(anonymous_8)
FNDA:8,(anonymous_9)
FNDA:17,(anonymous_10)
FNDA:5,submitPost
FNDA:2,(anonymous_12)
FNDA:1,(anonymous_13)
FNDA:1,(anonymous_14)
FNDA:1,(anonymous_15)
FNDA:0,(anonymous_16)
FNDA:17,fetchFeedback
FNDA:13,(anonymous_18)
FNDA:10,(anonymous_19)
FNDA:13,(anonymous_20)
FNDA:10,displayPosts
FNDA:302,(anonymous_22)
FNDA:31,showNotification
FNDA:2,(anonymous_24)
FNDA:2,(anonymous_25)
DA:34,17
DA:35,1
DA:36,1
DA:37,1
DA:38,1
DA:40,1
DA:42,1
DA:51,1
DA:56,1
DA:57,1
DA:58,0
DA:63,17
DA:65,17
DA:66,17
DA:68,15
DA:75,15
DA:77,15
DA:82,2
DA:83,1
DA:85,1
DA:87,1
DA:89,1
DA:91,1
DA:94,1
DA:106,8
DA:107,8
DA:111,17
DA:112,17
DA:113,17
DA:114,17
DA:117,5
DA:118,5
DA:119,5
DA:120,5
DA:122,5
DA:123,5
DA:127,5
DA:128,5
DA:131,5
DA:132,1
DA:133,1
DA:137,4
DA:138,1
DA:143,1
DA:147,3
DA:148,3
DA:149,1
DA:154,1
DA:157,2
DA:167,2
DA:172,2
DA:174,1
DA:185,1
DA:188,1
DA:189,1
DA:194,1
DA:195,1
DA:200,0
DA:201,0
DA:205,1
DA:267,17
DA:268,13
DA:270,10
DA:272,13
DA:275,17
DA:279,10
DA:280,10
DA:282,3
DA:283,302
DA:284,302
DA:285,302
DA:286,302
DA:295,302
DA:298,302
DA:299,302
DA:300,1510
DA:305,302
DA:323,302
DA:329,17
DA:339,31
DA:340,31
DA:341,31
DA:342,31
DA:343,31
DA:345,31
DA:368,31
DA:371,31
DA:374,31
DA:375,17
DA:377,10
DA:378,2
DA:379,2
DA:380,2
DA:381,2
DA:382,2
DA:383,2
DA:387,10
DA:388,2
DA:389,2
DA:390,2
DA:391,2
DA:392,2
DA:393,2
LF:103
LH:100
BRDA:40,0,0,1
BRDA:40,0,1,1
BRDA:68,1,0,15
BRDA:68,1,1,0
BRDA:68,2,0,15
BRDA:68,2,1,15
BRDA:82,3,0,1
BRDA:82,3,1,1
BRDA:92,4,0,1
BRDA:92,4,1,1
BRDA:114,5,0,17
BRDA:114,5,1,0
BRDA:122,6,0,5
BRDA:122,6,1,5
BRDA:131,7,0,1
BRDA:131,7,1,4
BRDA:131,8,0,5
BRDA:131,8,1,4
BRDA:131,8,2,4
BRDA:131,8,3,4
BRDA:131,8,4,4
BRDA:137,9,0,1
BRDA:137,9,1,3
BRDA:148,10,0,1
BRDA:148,10,1,2
BRDA:172,11,0,1
BRDA:172,11,1,1
BRDA:188,12,0,1
BRDA:188,12,1,0
BRDA:284,13,0,302
BRDA:284,13,1,0
BRDA:301,14,0,1214
BRDA:301,14,1,296
BRDA:335,15,0,0
BRDA:337,16,0,14
BRDA:345,17,0,16
BRDA:345,17,1,15
BRDA:368,18,0,16
BRDA:368,18,1,15
BRDA:371,19,0,16
BRDA:371,19,1,15
BRDA:374,20,0,17
BRDA:374,20,1,14
BRDA:382,21,0,2
BRDA:382,21,1,0
BRDA:389,22,0,2
BRDA:389,22,1,0
BRDA:390,23,0,2
BRDA:390,23,1,0
BRDA:391,24,0,2
BRDA:391,24,1,0
BRDA:392,25,0,2
BRDA:392,25,1,0
BRF:53
BRH:43
end_of_record
TN:
SF:public\js\updatepost.js
FN:2,(anonymous_0)
FN:21,updateFeedback
FN:98,(anonymous_2)
FN:99,(anonymous_3)
FN:107,(anonymous_4)
FN:111,cancelPost
FN:116,deleteFeedback
FN:122,(anonymous_7)
FN:123,(anonymous_8)
FN:134,(anonymous_9)
FN:139,editFeedback
FN:141,(anonymous_11)
FN:142,(anonymous_12)
FN:150,(anonymous_13)
FNF:14
FNH:1
FNDA:9,(anonymous_0)
FNDA:0,updateFeedback
FNDA:0,(anonymous_2)
FNDA:0,(anonymous_3)
FNDA:0,(anonymous_4)
FNDA:0,cancelPost
FNDA:0,deleteFeedback
FNDA:0,(anonymous_7)
FNDA:0,(anonymous_8)
FNDA:0,(anonymous_9)
FNDA:0,editFeedback
FNDA:0,(anonymous_11)
FNDA:0,(anonymous_12)
FNDA:0,(anonymous_13)
DA:2,9
DA:3,9
DA:4,9
DA:5,0
DA:7,0
DA:8,0
DA:10,0
DA:11,0
DA:12,0
DA:14,0
DA:16,9
DA:23,0
DA:26,0
DA:27,0
DA:28,0
DA:29,0
DA:30,0
DA:33,0
DA:41,0
DA:42,0
DA:46,0
DA:47,0
DA:48,0
DA:52,0
DA:53,0
DA:54,0
DA:57,0
DA:61,0
DA:62,0
DA:63,0
DA:66,0
DA:68,0
DA:69,0
DA:72,0
DA:76,0
DA:77,0
DA:78,0
DA:82,0
DA:83,0
DA:93,0
DA:98,0
DA:100,0
DA:101,0
DA:102,0
DA:104,0
DA:107,0
DA:112,0
DA:117,0
DA:118,0
DA:119,0
DA:122,0
DA:124,0
DA:125,0
DA:126,0
DA:127,0
DA:128,0
DA:131,0
DA:134,0
DA:140,0
DA:141,0
DA:143,0
DA:144,0
DA:145,0
DA:147,0
DA:151,0
LF:65
LH:4
BRDA:4,0,0,0
BRDA:4,0,1,9
BRDA:6,1,0,0
BRDA:6,1,1,0
BRDA:7,2,0,0
BRDA:7,2,1,0
BRDA:9,3,0,0
BRDA:9,3,1,0
BRDA:10,4,0,0
BRDA:10,4,1,0
BRDA:11,5,0,0
BRDA:11,5,1,0
BRDA:13,6,0,0
BRDA:13,6,1,0
BRDA:33,7,0,0
BRDA:33,7,1,0
BRDA:34,8,0,0
BRDA:34,8,1,0
BRDA:34,8,2,0
BRDA:34,8,3,0
BRDA:34,8,4,0
BRDA:34,8,5,0
BRDA:46,9,0,0
BRDA:46,9,1,0
BRDA:46,10,0,0
BRDA:46,10,1,0
BRDA:53,11,0,0
BRDA:53,11,1,0
BRDA:62,12,0,0
BRDA:62,12,1,0
BRDA:68,13,0,0
BRDA:68,13,1,0
BRDA:76,14,0,0
BRDA:76,14,1,0
BRDA:100,15,0,0
BRDA:100,15,1,0
BRDA:118,16,0,0
BRDA:118,16,1,0
BRDA:124,17,0,0
BRDA:124,17,1,0
BRDA:127,18,0,0
BRDA:127,18,1,0
BRDA:143,19,0,0
BRDA:143,19,1,0
BRF:44
BRH:1
end_of_record
